[13:59:37] Loading Diginetica data...
[13:59:43] Train queries: 636,160
[13:59:43] Sampled 126,938 queries
[14:00:09] Dataset: 3,566,794 item-position pairs
[14:00:09] Click rate: 0.0185
[14:00:09] Purchase rate: 0.000356
[14:00:09] 
============================================================
[14:00:09] POSITION GRADIENT: DETECTING PAGE BOUNDARIES
[14:00:09] ============================================================
[14:00:09] 
Rank-by-rank click and purchase rates:
[14:00:09] Rank   Click%   Purch%          N  Click_Δ
[14:00:09]    1    3.125   0.0402    126,938      ---
[14:00:09]    2    2.663   0.0443    126,414   -0.462
[14:00:09]    3    2.553   0.0429    125,915   -0.111
[14:00:09]    4    2.448   0.0430    125,553   -0.104
[14:00:09]    5    2.392   0.0447    125,180   -0.057
[14:00:09]    6    2.207   0.0521    124,812   -0.185
[14:00:09]    7    2.169   0.0394    124,389   -0.038
[14:00:09]    8    2.110   0.0419    124,099   -0.059
[14:00:09]    9    2.055   0.0364    123,777   -0.055
[14:00:09]   10    2.059   0.0332    123,482   +0.003
[14:00:09]   11    1.879   0.0471    123,050   -0.180
[14:00:09]   12    1.803   0.0359    122,538   -0.076
[14:00:09]   13    1.817   0.0352    122,122   +0.014
[14:00:09]   14    1.811   0.0403    121,620   -0.006
[14:00:09]   15    1.750   0.0231    121,228   -0.061
[14:00:09]   16    1.774   0.0339    120,849   +0.024
[14:00:09]   17    1.724   0.0341    120,313   -0.050
[14:00:09]   18    1.659   0.0342    119,859   -0.064
[14:00:09]   19    1.677   0.0369    119,375   +0.018
[14:00:09]   20    1.590   0.0362    118,657   -0.087
[14:00:09]   21    1.459   0.0339    112,231   -0.132
[14:00:09]   22    1.431   0.0375    111,892   -0.028
[14:00:09]   23    1.420   0.0251    111,580   -0.011
[14:00:09]   24    1.426   0.0234    111,185   +0.007
[14:00:09]   25    1.381   0.0207    110,880   -0.046
[14:00:09]   26    1.312   0.0335    110,523   -0.069
[14:00:09]   27    1.298   0.0236    110,186   -0.014
[14:00:09]   28    1.265   0.0337    109,833   -0.033
[14:00:09]   29    1.271   0.0283    109,356   +0.006
[14:00:09]   30    1.193   0.0229    108,958   -0.078
[14:00:09] 
--- Largest click rate drops (potential page boundaries) ---
[14:00:09]   Rank 2: click Δ = -0.462pp (-14.8%), purchase Δ = 0.0041pp
[14:00:09]   Rank 6: click Δ = -0.185pp (-7.7%), purchase Δ = 0.0073pp
[14:00:09]   Rank 11: click Δ = -0.180pp (-8.7%), purchase Δ = 0.0139pp
[14:00:09]   Rank 21: click Δ = -0.132pp (-8.3%), purchase Δ = -0.0024pp
[14:00:09]   Rank 3: click Δ = -0.111pp (-4.2%), purchase Δ = -0.0014pp
[14:00:09] 
============================================================
[14:00:09] REGRESSION DISCONTINUITY ANALYSIS
[14:00:09] ============================================================
[14:00:09] 
--- RD at rank 5 (bandwidth ±3) ---
[14:00:09]   N above boundary (ranks 2-5): 499,248
[14:00:09]   N below boundary (ranks 6-8): 373,300
[14:00:09]   was_clicked:
[14:00:09]     Above boundary: 2.2706%
[14:00:09]     Below boundary: 2.1621%
[14:00:09]     RD estimate: -0.000712 (SE=0.000726, p=0.3265) 
[14:00:10]   was_purchased:
[14:00:10]     Above boundary: 0.0407%
[14:00:10]     Below boundary: 0.0445%
[14:00:10]     RD estimate: 0.000112 (SE=0.000108, p=0.2992) 
[14:00:10] 
--- RD at rank 10 (bandwidth ±3) ---
[14:00:10]   N above boundary (ranks 7-10): 492,200
[14:00:10]   N below boundary (ranks 11-13): 367,710
[14:00:10]   was_clicked:
[14:00:10]     Above boundary: 1.9736%
[14:00:10]     Below boundary: 1.8330%
[14:00:10]     RD estimate: -0.000941 (SE=0.000677, p=0.1647) 
[14:00:10]   was_purchased:
[14:00:10]     Above boundary: 0.0360%
[14:00:10]     Below boundary: 0.0394%
[14:00:10]     RD estimate: 0.000192 (SE=0.000101, p=0.0584) 
[14:00:10] 
--- RD at rank 15 (bandwidth ±3) ---
[14:00:10]   N above boundary (ranks 12-15): 483,396
[14:00:10]   N below boundary (ranks 16-18): 361,021
[14:00:11]   was_clicked:
[14:00:11]     Above boundary: 1.7253%
[14:00:11]     Below boundary: 1.7193%
[14:00:11]     RD estimate: 0.000822 (SE=0.000656, p=0.2107) 
[14:00:11]   was_purchased:
[14:00:11]     Above boundary: 0.0323%
[14:00:11]     Below boundary: 0.0341%
[14:00:11]     RD estimate: 0.000052 (SE=0.000090, p=0.5618) 
[14:00:11] 
--- RD at rank 20 (bandwidth ±3) ---
[14:00:11]   N above boundary (ranks 17-20): 448,924
[14:00:11]   N below boundary (ranks 21-23): 335,703
[14:00:11]   was_clicked:
[14:00:11]     Above boundary: 1.4392%
[14:00:11]     Below boundary: 1.4364%
[14:00:11]     RD estimate: 0.000405 (SE=0.000621, p=0.5136) 
[14:00:11]   was_purchased:
[14:00:11]     Above boundary: 0.0310%
[14:00:11]     Below boundary: 0.0322%
[14:00:11]     RD estimate: 0.000079 (SE=0.000094, p=0.3956) 
[14:00:11] 
--- RD at rank 25 (bandwidth ±3) ---
[14:00:11]   N above boundary (ranks 22-25): 442,092
[14:00:11]   N below boundary (ranks 26-28): 330,542
[14:00:12]   was_clicked:
[14:00:12]     Above boundary: 1.3676%
[14:00:12]     Below boundary: 1.2915%
[14:00:12]     RD estimate: -0.000392 (SE=0.000598, p=0.5123) 
[14:00:12]   was_purchased:
[14:00:12]     Above boundary: 0.0262%
[14:00:12]     Below boundary: 0.0303%
[14:00:12]     RD estimate: 0.000114 (SE=0.000092, p=0.2123) 
[14:00:12] 
============================================================
[14:00:12] RD WITH ITEM FIXED EFFECTS
[14:00:12] ============================================================
[14:00:12] Strongest click discontinuity at rank 10
[14:00:12] Items with >=3 appearances near boundary: 18,932
[14:00:12] Observations: 1,091,512
[14:00:13] 
  was_clicked ~ below_boundary (RD + item FE):
[14:00:13]     RD estimate: -0.000266 (SE=0.000618, p=0.6673) 
[14:00:13] 
  was_purchased ~ below_boundary (RD + item FE):
[14:00:13]     RD estimate: 0.000197 (SE=0.000090, p=0.0292) *
[14:00:13] 
============================================================
[14:00:13] BANDWIDTH SENSITIVITY (at strongest boundary)
[14:00:13] ============================================================
[14:00:13]   bw=2, was_clicked: RD=-0.000422 (SE=0.000936, p=0.6524) 
[14:00:13]   bw=2, was_purchased: RD=0.000272 (SE=0.000143, p=0.0567) 
[14:00:14]   bw=3, was_clicked: RD=-0.000941 (SE=0.000677, p=0.1647) 
[14:00:14]   bw=3, was_purchased: RD=0.000192 (SE=0.000101, p=0.0584) 
[14:00:14]   bw=4, was_clicked: RD=-0.001110 (SE=0.000563, p=0.0489) *
[14:00:15]   bw=4, was_purchased: RD=0.000144 (SE=0.000084, p=0.0859) 
[14:00:15]   bw=5, was_clicked: RD=-0.000739 (SE=0.000495, p=0.1354) 
[14:00:15]   bw=5, was_purchased: RD=0.000172 (SE=0.000071, p=0.0162) *